<?xml version="1.0" encoding="UTF-8"?>
<coverage generated="1624115650986" clover="3.2.0">
  <project timestamp="1624115650986" name="All files">
    <metrics statements="2" coveredstatements="2" conditionals="2" coveredconditionals="1" methods="2" coveredmethods="2" elements="6" coveredelements="5" complexity="0" loc="2" ncloc="2" packages="3" files="5" classes="5"/>
    <package name="components.Badge">
      <metrics statements="1" coveredstatements="1" conditionals="0" coveredconditionals="0" methods="1" coveredmethods="1"/>
      <file name="Badge.vue" path="/Users/joao-olivio/dev/comunity/pokedex/src/components/Badge/Badge.vue">
        <metrics statements="1" coveredstatements="1" conditionals="0" coveredconditionals="0" methods="1" coveredmethods="1"/>
        <line num="21" count="2" type="stmt"/>
      </file>
    </package>
    <package name="components.Card">
      <metrics statements="1" coveredstatements="1" conditionals="2" coveredconditionals="1" methods="1" coveredmethods="1"/>
      <file name="Card.vue" path="/Users/joao-olivio/dev/comunity/pokedex/src/components/Card/Card.vue">
        <metrics statements="1" coveredstatements="1" conditionals="2" coveredconditionals="1" methods="1" coveredmethods="1"/>
        <line num="20" count="1" type="cond" truecount="1" falsecount="1"/>
      </file>
    </package>
    <package name="router">
      <metrics statements="0" coveredstatements="0" conditionals="0" coveredconditionals="0" methods="0" coveredmethods="0"/>
      <file name="generation.js" path="/Users/joao-olivio/dev/comunity/pokedex/src/router/generation.js">
        <metrics statements="0" coveredstatements="0" conditionals="0" coveredconditionals="0" methods="0" coveredmethods="0"/>
      </file>
      <file name="homepage.js" path="/Users/joao-olivio/dev/comunity/pokedex/src/router/homepage.js">
        <metrics statements="0" coveredstatements="0" conditionals="0" coveredconditionals="0" methods="0" coveredmethods="0"/>
      </file>
      <file name="pokemon.js" path="/Users/joao-olivio/dev/comunity/pokedex/src/router/pokemon.js">
        <metrics statements="0" coveredstatements="0" conditionals="0" coveredconditionals="0" methods="0" coveredmethods="0"/>
      </file>
    </package>
  </project>
</coverage>
