{"/Users/joao-olivio/dev/comunity/pokedex/src/components/Badge/Badge.vue": {"path":"/Users/joao-olivio/dev/comunity/pokedex/src/components/Badge/Badge.vue","statementMap":{"0":{"start":{"line":21,"column":0},"end":{"line":21,"column":null}}},"fnMap":{"0":{"name":"(anonymous_1)","decl":{"start":{"line":20,"column":0},"end":{"line":20,"column":null}},"loc":{"start":{"line":20,"column":0},"end":{"line":22,"column":null}}}},"branchMap":{},"s":{"0":2},"f":{"0":2},"b":{}}
,"/Users/joao-olivio/dev/comunity/pokedex/src/components/Card/Card.vue": {"path":"/Users/joao-olivio/dev/comunity/pokedex/src/components/Card/Card.vue","statementMap":{"0":{"start":{"line":20,"column":0},"end":{"line":20,"column":null}}},"fnMap":{"0":{"name":"(anonymous_1)","decl":{"start":{"line":19,"column":0},"end":{"line":19,"column":null}},"loc":{"start":{"line":19,"column":0},"end":{"line":23,"column":null}}}},"branchMap":{"0":{"loc":{"start":{"line":20,"column":0},"end":{"line":20,"column":null}},"type":"cond-expr","locations":[{"start":{"line":20,"column":0},"end":{"line":20,"column":null}},{"start":{"line":20,"column":0},"end":{"line":20,"column":null}}]}},"s":{"0":1},"f":{"0":1},"b":{"0":[0,1]}}
,"/Users/joao-olivio/dev/comunity/pokedex/src/router/generation.js": {"path":"/Users/joao-olivio/dev/comunity/pokedex/src/router/generation.js","statementMap":{},"fnMap":{},"branchMap":{},"s":{},"f":{},"b":{},"hash":"e1267f248bd896de732bc9efedb407ef13ce2bc0"}
,"/Users/joao-olivio/dev/comunity/pokedex/src/router/homepage.js": {"path":"/Users/joao-olivio/dev/comunity/pokedex/src/router/homepage.js","statementMap":{},"fnMap":{},"branchMap":{},"s":{},"f":{},"b":{},"hash":"c4466b4f78837ac78c39b9d6c027dbb2250048c1"}
,"/Users/joao-olivio/dev/comunity/pokedex/src/router/pokemon.js": {"path":"/Users/joao-olivio/dev/comunity/pokedex/src/router/pokemon.js","statementMap":{},"fnMap":{},"branchMap":{},"s":{},"f":{},"b":{},"hash":"32916c1d80a7d3a1a085685b57a62c742ea3654d"}
}
