TN:
SF:/Users/joao-olivio/dev/comunity/pokedex/src/components/Badge/Badge.vue
FN:20,(anonymous_1)
FNF:1
FNH:1
FNDA:2,(anonymous_1)
DA:21,2
LF:1
LH:1
BRF:0
BRH:0
end_of_record
TN:
SF:/Users/joao-olivio/dev/comunity/pokedex/src/components/Card/Card.vue
FN:19,(anonymous_1)
FNF:1
FNH:1
FNDA:1,(anonymous_1)
DA:20,1
LF:1
LH:1
BRDA:20,0,0,0
BRDA:20,0,1,1
BRF:2
BRH:1
end_of_record
TN:
SF:/Users/joao-olivio/dev/comunity/pokedex/src/router/generation.js
FNF:0
FNH:0
LF:0
LH:0
BRF:0
BRH:0
end_of_record
TN:
SF:/Users/joao-olivio/dev/comunity/pokedex/src/router/homepage.js
FNF:0
FNH:0
LF:0
LH:0
BRF:0
BRH:0
end_of_record
TN:
SF:/Users/joao-olivio/dev/comunity/pokedex/src/router/pokemon.js
FNF:0
FNH:0
LF:0
LH:0
BRF:0
BRH:0
end_of_record
